<?xml version="1.0" encoding="UTF-8"?>
<testsuite xmlns:xsi="http://www.w3.org/2001/XMLSchema-instance" xsi:noNamespaceSchemaLocation="https://maven.apache.org/surefire/maven-surefire-plugin/xsd/surefire-test-report-3.0.xsd" version="3.0" name="com.material.system.SysUserIntegrationTest" time="6.613" tests="3" errors="0" skipped="0" failures="0">
  <properties>
[...]
</properties>
  <testcase name="health_shouldReturnUp" classname="com.material.system.SysUserIntegrationTest" time="1.303">
    <system-out><![CDATA[12:01:15.923 [main] INFO org.springframework.test.context.support.AnnotationConfigContextLoaderUtils -- Could not detect default configuration classes for test class [com.material.system.SysUserIntegrationTest]: SysUserIntegrationTest does not declare any static, non-private, non-final, nested classes annotated with @Configuration.
12:01:15.982 [main] INFO org.springframework.boot.test.context.SpringBootTestContextBootstrapper -- Found @SpringBootConfiguration com.material.system.MaterialSystemApplication for test class com.material.system.SysUserIntegrationTest

  .   ____          _            __ _ _
 /\\ / ___'_ __ _ _(_)_ __  __ _ \ \ \ \
( ( )\___ | '_ | '_| | '_ \/ _` | \ \ \ \
 \\/  ___)| |_)| | | | | || (_| |  ) ) ) )
  '  |____| .__|_| |_|_| |_\__, | / / / /
 =========|_|==============|___/=/_/_/_/
 :: Spring Boot ::                (v3.2.2)

2026-01-04 12:01:16.390 [main] INFO  o.t.d.DockerMachineClientProviderStrategy - docker-machine executable was not found on PATH ([c:\Users\Administrator\AppData\Roaming\Code\User\globalStorage\github.copilot-chat\debugCommand, c:\Users\Administrator\AppData\Roaming\Code\User\globalStorage\github.copilot-chat\copilotCli, C:\Program Files\Common Files\Oracle\Java\javapath, C:\Python314\Scripts\, C:\Python314\, C:\Windows\system32, C:\Windows, C:\Windows\System32\Wbem, C:\Windows\System32\WindowsPowerShell\v1.0\, C:\Windows\System32\OpenSSH\, C:\Program Files\NVIDIA Corporation\NVIDIA App\NvDLISR, C:\Program Files (x86)\NVIDIA Corporation\PhysX\Common, C:\Program Files\nodejs\, C:\ProgramData\chocolatey\bin, C:\Program Files\Java\jdk-19\bin, C:\Program Files\MySQL\MySQL Server 8.0\bin, C:\Program Files\Git\cmd, C:\workplace\apache-maven-3.9.12\bin, C:\Program Files\Redis\, c:\Users\Administrator\AppData\Local\Programs\Trae\bin, C:\Users\Administrator\AppData\Local\Microsoft\WindowsApps, C:\Users\Administrator\AppData\Local\Programs\Microsoft VS Code\bin, C:\Users\Administrator\AppData\Roaming\npm, C:\Users\Administrator\AppData\Local\Programs\Qoder\bin, c:\Users\Administrator\.vscode\extensions\vscjava.vscode-java-debug-0.58.4\bundled\scripts\noConfigScripts])
2026-01-04 12:01:16.393 [main] ERROR o.t.dockerclient.DockerClientProviderStrategy - Could not find a valid Docker environment. Please check configuration. Attempted configurations were:
As no valid configuration was found, execution cannot continue.
See https://java.testcontainers.org/on_failure.html for more details.
2026-01-04 12:01:16.398 [main] INFO  com.material.system.SysUserIntegrationTest - Starting SysUserIntegrationTest using Java 19.0.2 with PID 21976 (started by Administrator in C:\workplace\cangku\backend)
2026-01-04 12:01:16.398 [main] DEBUG com.material.system.SysUserIntegrationTest - Running with Spring Boot v3.2.2, Spring v6.1.3
2026-01-04 12:01:16.398 [main] INFO  com.material.system.SysUserIntegrationTest - The following 1 profile is active: "test"
2026-01-04 12:01:17.082 [main] INFO  o.s.d.r.config.RepositoryConfigurationDelegate - Multiple Spring Data modules found, entering strict repository configuration mode
2026-01-04 12:01:17.083 [main] INFO  o.s.d.r.config.RepositoryConfigurationDelegate - Bootstrapping Spring Data JPA repositories in DEFAULT mode.
2026-01-04 12:01:17.099 [main] INFO  o.s.d.r.config.RepositoryConfigurationDelegate - Finished Spring Data repository scanning in 10 ms. Found 0 JPA repository interfaces.
2026-01-04 12:01:17.107 [main] INFO  o.s.d.r.config.RepositoryConfigurationDelegate - Multiple Spring Data modules found, entering strict repository configuration mode
2026-01-04 12:01:17.108 [main] INFO  o.s.d.r.config.RepositoryConfigurationDelegate - Bootstrapping Spring Data Redis repositories in DEFAULT mode.
2026-01-04 12:01:17.108 [main] INFO  o.s.d.r.config.RepositoryConfigurationDelegate - Finished Spring Data repository scanning in 2 ms. Found 0 Redis repository interfaces.
2026-01-04 12:01:17.721 [main] INFO  o.s.boot.web.embedded.tomcat.TomcatWebServer - Tomcat initialized with port 0 (http)
2026-01-04 12:01:17.728 [main] INFO  org.apache.catalina.core.StandardService - Starting service [Tomcat]
2026-01-04 12:01:17.729 [main] INFO  org.apache.catalina.core.StandardEngine - Starting Servlet engine: [Apache Tomcat/10.1.18]
2026-01-04 12:01:17.766 [main] INFO  o.a.c.c.ContainerBase.[Tomcat].[localhost].[/api] - Initializing Spring embedded WebApplicationContext
2026-01-04 12:01:17.766 [main] INFO  o.s.b.w.s.c.ServletWebServerApplicationContext - Root WebApplicationContext: initialization completed in 1355 ms
2026-01-04 12:01:17.941 [main] DEBUG c.material.system.config.JwtAuthenticationFilter - Filter 'jwtAuthenticationFilter' configured for use
2026-01-04 12:01:18.009 [main] INFO  com.zaxxer.hikari.HikariDataSource - MaterialHikariCP - Starting...
2026-01-04 12:01:18.125 [main] INFO  com.zaxxer.hikari.pool.HikariPool - MaterialHikariCP - Added connection conn0: url=jdbc:h2:mem:testdb user=SA
2026-01-04 12:01:18.125 [main] INFO  com.zaxxer.hikari.HikariDataSource - MaterialHikariCP - Start completed.
2026-01-04 12:01:18.196 [main] INFO  org.flywaydb.core.internal.license.VersionPrinter - Flyway Community Edition 9.22.3 by Redgate
2026-01-04 12:01:18.196 [main] INFO  org.flywaydb.core.internal.license.VersionPrinter - See release notes here: https://rd.gt/416ObMi
2026-01-04 12:01:18.196 [main] INFO  org.flywaydb.core.internal.license.VersionPrinter - 
2026-01-04 12:01:18.222 [main] INFO  org.flywaydb.core.FlywayExecutor - Database: jdbc:h2:mem:testdb (H2 2.2)
2026-01-04 12:01:18.232 [main] WARN  org.flywaydb.core.internal.database.base.Database - Flyway upgrade recommended: H2 2.2.224 is newer than this version of Flyway and support has not been tested. The latest supported version of H2 is 2.2.220.
2026-01-04 12:01:18.259 [main] INFO  o.f.c.i.schemahistory.JdbcTableSchemaHistory - Schema history table "PUBLIC"."flyway_schema_history" does not exist yet
2026-01-04 12:01:18.262 [main] INFO  org.flywaydb.core.internal.command.DbValidate - Successfully validated 1 migration (execution time 00:00.015s)
2026-01-04 12:01:18.267 [main] INFO  o.f.c.i.schemahistory.JdbcTableSchemaHistory - Creating Schema History table "PUBLIC"."flyway_schema_history" ...
2026-01-04 12:01:18.290 [main] INFO  org.flywaydb.core.internal.command.DbMigrate - Current version of schema "PUBLIC": << Empty Schema >>
2026-01-04 12:01:18.293 [main] INFO  org.flywaydb.core.internal.command.DbMigrate - Migrating schema "PUBLIC" to version "1 - init"
2026-01-04 12:01:18.305 [main] INFO  org.flywaydb.core.internal.command.DbMigrate - Successfully applied 1 migration to schema "PUBLIC", now at version v1 (execution time 00:00.006s)
2026-01-04 12:01:18.387 [main] INFO  org.hibernate.jpa.internal.util.LogHelper - HHH000204: Processing PersistenceUnitInfo [name: default]
2026-01-04 12:01:18.424 [main] INFO  org.hibernate.Version - HHH000412: Hibernate ORM core version 6.4.1.Final
2026-01-04 12:01:18.441 [main] INFO  o.hibernate.cache.internal.RegionFactoryInitiator - HHH000026: Second-level cache disabled
2026-01-04 12:01:18.592 [main] INFO  o.s.o.j.persistenceunit.SpringPersistenceUnitInfo - No LoadTimeWeaver setup: ignoring JPA class transformer
2026-01-04 12:01:18.608 [main] WARN  org.hibernate.dialect.Dialect - HHH000511: The 2.2.0 version for [org.hibernate.dialect.MySQLDialect] is no longer supported, hence certain features may not work properly. The minimum supported version is 8.0.0. Check the community dialects project for available legacy versions.
2026-01-04 12:01:18.608 [main] WARN  org.hibernate.orm.deprecation - HHH90000025: MySQLDialect does not need to be specified explicitly using 'hibernate.dialect' (remove the property setting and it will be selected by default)
2026-01-04 12:01:18.798 [main] INFO  o.h.e.t.jta.platform.internal.JtaPlatformInitiator - HHH000489: No JTA platform available (set 'hibernate.transaction.jta.platform' to enable JTA platform integration)
2026-01-04 12:01:18.802 [main] INFO  o.s.orm.jpa.LocalContainerEntityManagerFactoryBean - Initialized JPA EntityManagerFactory for persistence unit 'default'
Logging initialized using 'class org.apache.ibatis.logging.stdout.StdOutImpl' adapter.
Initialization Sequence datacenterId:24 workerId:23
 _ _   |_  _ _|_. ___ _ |    _ 
| | |\/|_)(_| | |_\  |_)||_|_\ 
     /               |         
                        3.5.5 
2026-01-04 12:01:19.594 [main] INFO  o.s.b.actuate.endpoint.web.EndpointLinksResolver - Exposing 3 endpoint(s) beneath base path '/actuator'
2026-01-04 12:01:19.641 [main] WARN  o.s.b.a.o.j.JpaBaseConfiguration$JpaWebConfiguration - spring.jpa.open-in-view is enabled by default. Therefore, database queries may be performed during view rendering. Explicitly configure spring.jpa.open-in-view to disable this warning
2026-01-04 12:01:19.672 [main] WARN  o.s.b.a.s.s.UserDetailsServiceAutoConfiguration - 

Using generated security password: cc72d9a0-2082-44dd-acd4-d4033051a3fd

This generated password is for development use only. Your security configuration must be updated before running your application in production.

2026-01-04 12:01:19.904 [main] INFO  o.s.security.web.DefaultSecurityFilterChain - Will secure any request with [org.springframework.security.web.session.DisableEncodeUrlFilter@382fba37, org.springframework.security.web.context.request.async.WebAsyncManagerIntegrationFilter@2f81d7f, org.springframework.security.web.context.SecurityContextHolderFilter@58453967, org.springframework.security.web.header.HeaderWriterFilter@406ea770, org.springframework.web.filter.CorsFilter@265ef3d0, org.springframework.security.web.authentication.logout.LogoutFilter@6adee80f, org.springframework.security.web.savedrequest.RequestCacheAwareFilter@510c6b9, org.springframework.security.web.servletapi.SecurityContextHolderAwareRequestFilter@72117a6c, com.material.system.config.JwtAuthenticationFilter@11a67420, org.springframework.security.web.authentication.AnonymousAuthenticationFilter@761ac810, org.springframework.security.web.access.ExceptionTranslationFilter@3294b641, org.springframework.security.web.access.intercept.AuthorizationFilter@400cb9ef]
2026-01-04 12:01:20.359 [main] INFO  o.s.boot.web.embedded.tomcat.TomcatWebServer - Tomcat started on port 50325 (http) with context path '/api'
2026-01-04 12:01:20.369 [main] INFO  com.material.system.SysUserIntegrationTest - Started SysUserIntegrationTest in 4.31 seconds (process running for 4.858)
2026-01-04 12:01:21.606 [http-nio-auto-1-exec-1] INFO  o.a.c.c.ContainerBase.[Tomcat].[localhost].[/api] - Initializing Spring DispatcherServlet 'dispatcherServlet'
2026-01-04 12:01:21.606 [http-nio-auto-1-exec-1] INFO  org.springframework.web.servlet.DispatcherServlet - Initializing Servlet 'dispatcherServlet'
2026-01-04 12:01:21.607 [http-nio-auto-1-exec-1] INFO  org.springframework.web.servlet.DispatcherServlet - Completed initialization in 1 ms
]]></system-out>
  </testcase>
  <testcase name="user_full_lifecycle_via_api" classname="com.material.system.SysUserIntegrationTest" time="0.657">
    <system-out><![CDATA[Creating a new SqlSession
SqlSession [org.apache.ibatis.session.defaults.DefaultSqlSession@786c7cc9] was not registered for synchronization because synchronization is not active
JDBC Connection [HikariProxyConnection@563414489 wrapping conn0: url=jdbc:h2:mem:testdb user=SA] will not be managed by Spring
==>  Preparing: SELECT id,username,password,real_name,employee_no,phone,email,department_id,role_id,avatar,status,create_time,update_time,last_login_time,login_count FROM sys_user WHERE (username = ?)
==> Parameters: admin(String)
<==      Total: 0
Closing non transactional SqlSession [org.apache.ibatis.session.defaults.DefaultSqlSession@786c7cc9]
Creating a new SqlSession
SqlSession [org.apache.ibatis.session.defaults.DefaultSqlSession@4c0e2715] was not registered for synchronization because synchronization is not active
JDBC Connection [HikariProxyConnection@657385546 wrapping conn0: url=jdbc:h2:mem:testdb user=SA] will not be managed by Spring
==>  Preparing: INSERT INTO sys_user ( username, password, real_name, phone, email, status, create_time, update_time, login_count ) VALUES ( ?, ?, ?, ?, ?, ?, ?, ?, ? )
==> Parameters: admin(String), $2a$10$csZboW8iUg8t2uIMGQsI4e86g1rLqjp7S.69irGHs/WkiNexDditC(String), 系统管理员(String), 13800138000(String), admin@example.com(String), 1(Integer), 2026-01-04T12:01:21.828783800(LocalDateTime), null, 0(Integer)
<==    Updates: 1
Closing non transactional SqlSession [org.apache.ibatis.session.defaults.DefaultSqlSession@4c0e2715]
Creating a new SqlSession
SqlSession [org.apache.ibatis.session.defaults.DefaultSqlSession@33b53bad] was not registered for synchronization because synchronization is not active
JDBC Connection [HikariProxyConnection@591862577 wrapping conn0: url=jdbc:h2:mem:testdb user=SA] will not be managed by Spring
==>  Preparing: SELECT id,username,password,real_name,employee_no,phone,email,department_id,role_id,avatar,status,create_time,update_time,last_login_time,login_count FROM sys_user WHERE (username = ?)
==> Parameters: admin(String)
<==    Columns: ID, USERNAME, PASSWORD, REAL_NAME, EMPLOYEE_NO, PHONE, EMAIL, DEPARTMENT_ID, ROLE_ID, AVATAR, STATUS, CREATE_TIME, UPDATE_TIME, LAST_LOGIN_TIME, LOGIN_COUNT
<==        Row: 1, admin, $2a$10$csZboW8iUg8t2uIMGQsI4e86g1rLqjp7S.69irGHs/WkiNexDditC, 系统管理员, null, 13800138000, admin@example.com, null, null, null, 1, 2026-01-04 12:01:21.828784, null, null, 0
<==      Total: 1
Closing non transactional SqlSession [org.apache.ibatis.session.defaults.DefaultSqlSession@33b53bad]
Creating a new SqlSession
SqlSession [org.apache.ibatis.session.defaults.DefaultSqlSession@365b6789] was not registered for synchronization because synchronization is not active
JDBC Connection [HikariProxyConnection@184282656 wrapping conn0: url=jdbc:h2:mem:testdb user=SA] will not be managed by Spring
==>  Preparing: UPDATE sys_user SET username=?, password=?, real_name=?, phone=?, email=?, status=?, create_time=?, update_time=?, last_login_time=?, login_count=? WHERE id=?
==> Parameters: admin(String), $2a$10$csZboW8iUg8t2uIMGQsI4e86g1rLqjp7S.69irGHs/WkiNexDditC(String), 系统管理员(String), 13800138000(String), admin@example.com(String), 1(Integer), 2026-01-04T12:01:21.828784(LocalDateTime), null, 2026-01-04T12:01:21.956220500(LocalDateTime), 1(Integer), 1(Long)
<==    Updates: 1
Closing non transactional SqlSession [org.apache.ibatis.session.defaults.DefaultSqlSession@365b6789]
Creating a new SqlSession
SqlSession [org.apache.ibatis.session.defaults.DefaultSqlSession@692a20a3] was not registered for synchronization because synchronization is not active
JDBC Connection [HikariProxyConnection@406747896 wrapping conn0: url=jdbc:h2:mem:testdb user=SA] will not be managed by Spring
==>  Preparing: SELECT id,username,password,real_name,employee_no,phone,email,department_id,role_id,avatar,status,create_time,update_time,last_login_time,login_count FROM sys_user WHERE (username = ?)
==> Parameters: testuser(String)
<==      Total: 0
Closing non transactional SqlSession [org.apache.ibatis.session.defaults.DefaultSqlSession@692a20a3]
Creating a new SqlSession
SqlSession [org.apache.ibatis.session.defaults.DefaultSqlSession@7c6a7206] was not registered for synchronization because synchronization is not active
JDBC Connection [HikariProxyConnection@1419822850 wrapping conn0: url=jdbc:h2:mem:testdb user=SA] will not be managed by Spring
==>  Preparing: INSERT INTO sys_user ( username, password, real_name, phone, email, status, create_time, update_time, login_count ) VALUES ( ?, ?, ?, ?, ?, ?, ?, ?, ? )
==> Parameters: testuser(String), $2a$10$r4YwYFRtdTL9li0BdlEDz.v0Rbpnd6EYL5.GMgvpK6xt0ySxtcD3a(String), 测试用户(String), 13800000000(String), test@example.com(String), 1(Integer), 2026-01-04T12:01:22.139812(LocalDateTime), null, 0(Integer)
<==    Updates: 1
Closing non transactional SqlSession [org.apache.ibatis.session.defaults.DefaultSqlSession@7c6a7206]
Creating a new SqlSession
SqlSession [org.apache.ibatis.session.defaults.DefaultSqlSession@5b08ce07] was not registered for synchronization because synchronization is not active
JDBC Connection [HikariProxyConnection@1988632888 wrapping conn0: url=jdbc:h2:mem:testdb user=SA] will not be managed by Spring
==>  Preparing: SELECT id,username,password,real_name,employee_no,phone,email,department_id,role_id,avatar,status,create_time,update_time,last_login_time,login_count FROM sys_user WHERE id=?
==> Parameters: 2(Long)
<==    Columns: ID, USERNAME, PASSWORD, REAL_NAME, EMPLOYEE_NO, PHONE, EMAIL, DEPARTMENT_ID, ROLE_ID, AVATAR, STATUS, CREATE_TIME, UPDATE_TIME, LAST_LOGIN_TIME, LOGIN_COUNT
<==        Row: 2, testuser, $2a$10$r4YwYFRtdTL9li0BdlEDz.v0Rbpnd6EYL5.GMgvpK6xt0ySxtcD3a, 测试用户, null, 13800000000, test@example.com, null, null, null, 1, 2026-01-04 12:01:22.139812, null, null, 0
<==      Total: 1
Closing non transactional SqlSession [org.apache.ibatis.session.defaults.DefaultSqlSession@5b08ce07]
Creating a new SqlSession
SqlSession [org.apache.ibatis.session.defaults.DefaultSqlSession@7caab709] was not registered for synchronization because synchronization is not active
JDBC Connection [HikariProxyConnection@878746395 wrapping conn0: url=jdbc:h2:mem:testdb user=SA] will not be managed by Spring
==>  Preparing: SELECT id,username,password,real_name,employee_no,phone,email,department_id,role_id,avatar,status,create_time,update_time,last_login_time,login_count FROM sys_user WHERE id=?
==> Parameters: 2(Long)
<==    Columns: ID, USERNAME, PASSWORD, REAL_NAME, EMPLOYEE_NO, PHONE, EMAIL, DEPARTMENT_ID, ROLE_ID, AVATAR, STATUS, CREATE_TIME, UPDATE_TIME, LAST_LOGIN_TIME, LOGIN_COUNT
<==        Row: 2, testuser, $2a$10$r4YwYFRtdTL9li0BdlEDz.v0Rbpnd6EYL5.GMgvpK6xt0ySxtcD3a, 测试用户, null, 13800000000, test@example.com, null, null, null, 1, 2026-01-04 12:01:22.139812, null, null, 0
<==      Total: 1
Closing non transactional SqlSession [org.apache.ibatis.session.defaults.DefaultSqlSession@7caab709]
Creating a new SqlSession
SqlSession [org.apache.ibatis.session.defaults.DefaultSqlSession@1417c103] was not registered for synchronization because synchronization is not active
JDBC Connection [HikariProxyConnection@614414553 wrapping conn0: url=jdbc:h2:mem:testdb user=SA] will not be managed by Spring
==>  Preparing: SELECT id,username,password,real_name,employee_no,phone,email,department_id,role_id,avatar,status,create_time,update_time,last_login_time,login_count FROM sys_user WHERE (username = ? AND id <> ?)
==> Parameters: testuser(String), 2(Long)
<==      Total: 0
Closing non transactional SqlSession [org.apache.ibatis.session.defaults.DefaultSqlSession@1417c103]
Creating a new SqlSession
SqlSession [org.apache.ibatis.session.defaults.DefaultSqlSession@77bd6edb] was not registered for synchronization because synchronization is not active
JDBC Connection [HikariProxyConnection@731360727 wrapping conn0: url=jdbc:h2:mem:testdb user=SA] will not be managed by Spring
==>  Preparing: UPDATE sys_user SET username=?, password=?, real_name=?, create_time=?, update_time=?, login_count=? WHERE id=?
==> Parameters: testuser(String), $2a$10$r4YwYFRtdTL9li0BdlEDz.v0Rbpnd6EYL5.GMgvpK6xt0ySxtcD3a(String), 已更新用户(String), 2026-01-04T12:01:22.139812(LocalDateTime), null, 0(Integer), 2(Long)
<==    Updates: 1
Closing non transactional SqlSession [org.apache.ibatis.session.defaults.DefaultSqlSession@77bd6edb]
Creating a new SqlSession
SqlSession [org.apache.ibatis.session.defaults.DefaultSqlSession@4a60dd5d] was not registered for synchronization because synchronization is not active
JDBC Connection [HikariProxyConnection@1523807152 wrapping conn0: url=jdbc:h2:mem:testdb user=SA] will not be managed by Spring
==>  Preparing: SELECT id,username,password,real_name,employee_no,phone,email,department_id,role_id,avatar,status,create_time,update_time,last_login_time,login_count FROM sys_user WHERE id=?
==> Parameters: 2(Long)
<==    Columns: ID, USERNAME, PASSWORD, REAL_NAME, EMPLOYEE_NO, PHONE, EMAIL, DEPARTMENT_ID, ROLE_ID, AVATAR, STATUS, CREATE_TIME, UPDATE_TIME, LAST_LOGIN_TIME, LOGIN_COUNT
<==        Row: 2, testuser, $2a$10$r4YwYFRtdTL9li0BdlEDz.v0Rbpnd6EYL5.GMgvpK6xt0ySxtcD3a, 已更新用户, null, 13800000000, test@example.com, null, null, null, 1, 2026-01-04 12:01:22.139812, null, null, 0
<==      Total: 1
Closing non transactional SqlSession [org.apache.ibatis.session.defaults.DefaultSqlSession@4a60dd5d]
Creating a new SqlSession
SqlSession [org.apache.ibatis.session.defaults.DefaultSqlSession@55fdf3cb] was not registered for synchronization because synchronization is not active
JDBC Connection [HikariProxyConnection@1372574574 wrapping conn0: url=jdbc:h2:mem:testdb user=SA] will not be managed by Spring
==>  Preparing: UPDATE sys_user SET username=?, password=?, real_name=?, phone=?, email=?, status=?, create_time=?, update_time=?, login_count=? WHERE id=?
==> Parameters: testuser(String), $2a$10$mPjaffJlJKbYTpuRP5NiIOj3V2IWF6dBHB56irlbpCNN4Ko2DMMNK(String), 已更新用户(String), 13800000000(String), test@example.com(String), 1(Integer), 2026-01-04T12:01:22.139812(LocalDateTime), null, 0(Integer), 2(Long)
<==    Updates: 1
Closing non transactional SqlSession [org.apache.ibatis.session.defaults.DefaultSqlSession@55fdf3cb]
Creating a new SqlSession
SqlSession [org.apache.ibatis.session.defaults.DefaultSqlSession@24e4401e] was not registered for synchronization because synchronization is not active
JDBC Connection [HikariProxyConnection@1642519270 wrapping conn0: url=jdbc:h2:mem:testdb user=SA] will not be managed by Spring
==>  Preparing: SELECT id,username,password,real_name,employee_no,phone,email,department_id,role_id,avatar,status,create_time,update_time,last_login_time,login_count FROM sys_user WHERE id=?
==> Parameters: 2(Long)
<==    Columns: ID, USERNAME, PASSWORD, REAL_NAME, EMPLOYEE_NO, PHONE, EMAIL, DEPARTMENT_ID, ROLE_ID, AVATAR, STATUS, CREATE_TIME, UPDATE_TIME, LAST_LOGIN_TIME, LOGIN_COUNT
<==        Row: 2, testuser, $2a$10$mPjaffJlJKbYTpuRP5NiIOj3V2IWF6dBHB56irlbpCNN4Ko2DMMNK, 已更新用户, null, 13800000000, test@example.com, null, null, null, 1, 2026-01-04 12:01:22.139812, null, null, 0
<==      Total: 1
Closing non transactional SqlSession [org.apache.ibatis.session.defaults.DefaultSqlSession@24e4401e]
Creating a new SqlSession
SqlSession [org.apache.ibatis.session.defaults.DefaultSqlSession@2e6edaef] was not registered for synchronization because synchronization is not active
JDBC Connection [HikariProxyConnection@1347271367 wrapping conn0: url=jdbc:h2:mem:testdb user=SA] will not be managed by Spring
==>  Preparing: UPDATE sys_user SET username=?, password=?, real_name=?, phone=?, email=?, status=?, create_time=?, update_time=?, login_count=? WHERE id=?
==> Parameters: testuser(String), $2a$10$Zou0zJjCk/yqaXSoXF2FaOHdCLv7Xj6.O8xcX0.jHZ8ITeGIb1wdO(String), 已更新用户(String), 13800000000(String), test@example.com(String), 1(Integer), 2026-01-04T12:01:22.139812(LocalDateTime), null, 0(Integer), 2(Long)
<==    Updates: 1
Closing non transactional SqlSession [org.apache.ibatis.session.defaults.DefaultSqlSession@2e6edaef]
Creating a new SqlSession
SqlSession [org.apache.ibatis.session.defaults.DefaultSqlSession@f0d7a15] was not registered for synchronization because synchronization is not active
JDBC Connection [HikariProxyConnection@1242555792 wrapping conn0: url=jdbc:h2:mem:testdb user=SA] will not be managed by Spring
==>  Preparing: SELECT id,username,password,real_name,employee_no,phone,email,department_id,role_id,avatar,status,create_time,update_time,last_login_time,login_count FROM sys_user WHERE id=?
==> Parameters: 2(Long)
<==    Columns: ID, USERNAME, PASSWORD, REAL_NAME, EMPLOYEE_NO, PHONE, EMAIL, DEPARTMENT_ID, ROLE_ID, AVATAR, STATUS, CREATE_TIME, UPDATE_TIME, LAST_LOGIN_TIME, LOGIN_COUNT
<==        Row: 2, testuser, $2a$10$Zou0zJjCk/yqaXSoXF2FaOHdCLv7Xj6.O8xcX0.jHZ8ITeGIb1wdO, 已更新用户, null, 13800000000, test@example.com, null, null, null, 1, 2026-01-04 12:01:22.139812, null, null, 0
<==      Total: 1
Closing non transactional SqlSession [org.apache.ibatis.session.defaults.DefaultSqlSession@f0d7a15]
Creating a new SqlSession
SqlSession [org.apache.ibatis.session.defaults.DefaultSqlSession@67dcbb8d] was not registered for synchronization because synchronization is not active
JDBC Connection [HikariProxyConnection@2072989546 wrapping conn0: url=jdbc:h2:mem:testdb user=SA] will not be managed by Spring
==>  Preparing: UPDATE sys_user SET username=?, password=?, real_name=?, phone=?, email=?, status=?, create_time=?, update_time=?, login_count=? WHERE id=?
==> Parameters: testuser(String), $2a$10$Zou0zJjCk/yqaXSoXF2FaOHdCLv7Xj6.O8xcX0.jHZ8ITeGIb1wdO(String), 已更新用户(String), 13800000000(String), test@example.com(String), 0(Integer), 2026-01-04T12:01:22.139812(LocalDateTime), null, 0(Integer), 2(Long)
<==    Updates: 1
Closing non transactional SqlSession [org.apache.ibatis.session.defaults.DefaultSqlSession@67dcbb8d]
Creating a new SqlSession
SqlSession [org.apache.ibatis.session.defaults.DefaultSqlSession@7a52a2a7] was not registered for synchronization because synchronization is not active
JDBC Connection [HikariProxyConnection@1959399832 wrapping conn0: url=jdbc:h2:mem:testdb user=SA] will not be managed by Spring
==>  Preparing: SELECT COUNT(*) AS total FROM sys_user
==> Parameters: 
<==    Columns: TOTAL
<==        Row: 2
<==      Total: 1
==>  Preparing: SELECT id,username,password,real_name,employee_no,phone,email,department_id,role_id,avatar,status,create_time,update_time,last_login_time,login_count FROM sys_user ORDER BY create_time DESC LIMIT ?
==> Parameters: 10(Long)
<==    Columns: ID, USERNAME, PASSWORD, REAL_NAME, EMPLOYEE_NO, PHONE, EMAIL, DEPARTMENT_ID, ROLE_ID, AVATAR, STATUS, CREATE_TIME, UPDATE_TIME, LAST_LOGIN_TIME, LOGIN_COUNT
<==        Row: 2, testuser, $2a$10$Zou0zJjCk/yqaXSoXF2FaOHdCLv7Xj6.O8xcX0.jHZ8ITeGIb1wdO, 已更新用户, null, 13800000000, test@example.com, null, null, null, 0, 2026-01-04 12:01:22.139812, null, null, 0
<==        Row: 1, admin, $2a$10$csZboW8iUg8t2uIMGQsI4e86g1rLqjp7S.69irGHs/WkiNexDditC, 系统管理员, null, 13800138000, admin@example.com, null, null, null, 1, 2026-01-04 12:01:21.828784, null, 2026-01-04 12:01:21.956221, 1
<==      Total: 2
Closing non transactional SqlSession [org.apache.ibatis.session.defaults.DefaultSqlSession@7a52a2a7]
Creating a new SqlSession
SqlSession [org.apache.ibatis.session.defaults.DefaultSqlSession@670895d9] was not registered for synchronization because synchronization is not active
JDBC Connection [HikariProxyConnection@1891980279 wrapping conn0: url=jdbc:h2:mem:testdb user=SA] will not be managed by Spring
==>  Preparing: SELECT id,username,password,real_name,employee_no,phone,email,department_id,role_id,avatar,status,create_time,update_time,last_login_time,login_count FROM sys_user WHERE id=?
==> Parameters: 2(Long)
<==    Columns: ID, USERNAME, PASSWORD, REAL_NAME, EMPLOYEE_NO, PHONE, EMAIL, DEPARTMENT_ID, ROLE_ID, AVATAR, STATUS, CREATE_TIME, UPDATE_TIME, LAST_LOGIN_TIME, LOGIN_COUNT
<==        Row: 2, testuser, $2a$10$Zou0zJjCk/yqaXSoXF2FaOHdCLv7Xj6.O8xcX0.jHZ8ITeGIb1wdO, 已更新用户, null, 13800000000, test@example.com, null, null, null, 0, 2026-01-04 12:01:22.139812, null, null, 0
<==      Total: 1
Closing non transactional SqlSession [org.apache.ibatis.session.defaults.DefaultSqlSession@670895d9]
Creating a new SqlSession
SqlSession [org.apache.ibatis.session.defaults.DefaultSqlSession@41194688] was not registered for synchronization because synchronization is not active
JDBC Connection [HikariProxyConnection@30854086 wrapping conn0: url=jdbc:h2:mem:testdb user=SA] will not be managed by Spring
==>  Preparing: DELETE FROM sys_user WHERE id=?
==> Parameters: 2(Long)
<==    Updates: 1
Closing non transactional SqlSession [org.apache.ibatis.session.defaults.DefaultSqlSession@41194688]
]]></system-out>
  </testcase>
  <testcase name="admin_canLogin_and_getToken" classname="com.material.system.SysUserIntegrationTest" time="0.066">
    <system-out><![CDATA[Creating a new SqlSession
SqlSession [org.apache.ibatis.session.defaults.DefaultSqlSession@57e9dd1f] was not registered for synchronization because synchronization is not active
JDBC Connection [HikariProxyConnection@1846621409 wrapping conn0: url=jdbc:h2:mem:testdb user=SA] will not be managed by Spring
==>  Preparing: SELECT id,username,password,real_name,employee_no,phone,email,department_id,role_id,avatar,status,create_time,update_time,last_login_time,login_count FROM sys_user WHERE (username = ?)
==> Parameters: admin(String)
<==    Columns: ID, USERNAME, PASSWORD, REAL_NAME, EMPLOYEE_NO, PHONE, EMAIL, DEPARTMENT_ID, ROLE_ID, AVATAR, STATUS, CREATE_TIME, UPDATE_TIME, LAST_LOGIN_TIME, LOGIN_COUNT
<==        Row: 1, admin, $2a$10$csZboW8iUg8t2uIMGQsI4e86g1rLqjp7S.69irGHs/WkiNexDditC, 系统管理员, null, 13800138000, admin@example.com, null, null, null, 1, 2026-01-04 12:01:21.828784, null, 2026-01-04 12:01:21.956221, 1
<==      Total: 1
Closing non transactional SqlSession [org.apache.ibatis.session.defaults.DefaultSqlSession@57e9dd1f]
Creating a new SqlSession
SqlSession [org.apache.ibatis.session.defaults.DefaultSqlSession@44bd52a6] was not registered for synchronization because synchronization is not active
JDBC Connection [HikariProxyConnection@1055258725 wrapping conn0: url=jdbc:h2:mem:testdb user=SA] will not be managed by Spring
==>  Preparing: SELECT id,username,password,real_name,employee_no,phone,email,department_id,role_id,avatar,status,create_time,update_time,last_login_time,login_count FROM sys_user WHERE (username = ?)
==> Parameters: admin(String)
<==    Columns: ID, USERNAME, PASSWORD, REAL_NAME, EMPLOYEE_NO, PHONE, EMAIL, DEPARTMENT_ID, ROLE_ID, AVATAR, STATUS, CREATE_TIME, UPDATE_TIME, LAST_LOGIN_TIME, LOGIN_COUNT
<==        Row: 1, admin, $2a$10$csZboW8iUg8t2uIMGQsI4e86g1rLqjp7S.69irGHs/WkiNexDditC, 系统管理员, null, 13800138000, admin@example.com, null, null, null, 1, 2026-01-04 12:01:21.828784, null, 2026-01-04 12:01:21.956221, 1
<==      Total: 1
Closing non transactional SqlSession [org.apache.ibatis.session.defaults.DefaultSqlSession@44bd52a6]
Creating a new SqlSession
SqlSession [org.apache.ibatis.session.defaults.DefaultSqlSession@db60025] was not registered for synchronization because synchronization is not active
JDBC Connection [HikariProxyConnection@783630881 wrapping conn0: url=jdbc:h2:mem:testdb user=SA] will not be managed by Spring
==>  Preparing: UPDATE sys_user SET username=?, password=?, real_name=?, phone=?, email=?, status=?, create_time=?, update_time=?, last_login_time=?, login_count=? WHERE id=?
==> Parameters: admin(String), $2a$10$csZboW8iUg8t2uIMGQsI4e86g1rLqjp7S.69irGHs/WkiNexDditC(String), 系统管理员(String), 13800138000(String), admin@example.com(String), 1(Integer), 2026-01-04T12:01:21.828784(LocalDateTime), null, 2026-01-04T12:01:22.426274600(LocalDateTime), 2(Integer), 1(Long)
<==    Updates: 1
Closing non transactional SqlSession [org.apache.ibatis.session.defaults.DefaultSqlSession@db60025]
]]></system-out>
  </testcase>
</testsuite>