<?xml version="1.0" encoding="UTF-8"?>
<testsuite xmlns:xsi="http://www.w3.org/2001/XMLSchema-instance" xsi:noNamespaceSchemaLocation="https://maven.apache.org/surefire/maven-surefire-plugin/xsd/surefire-test-report-3.0.xsd" version="3.0" name="com.material.system.SysUserIntegrationTest" time="10.278" tests="1" errors="0" skipped="0" failures="1">
  <properties>
[...]
</properties>
  <testcase name="admin_canLogin_and_getToken" classname="com.material.system.SysUserIntegrationTest" time="1.629">
    <failure message="&#10;expected: 200 OK&#10; but was: 403 FORBIDDEN" type="org.opentest4j.AssertionFailedError"><![CDATA[org.opentest4j.AssertionFailedError: 

expected: 200 OK
 but was: 403 FORBIDDEN
	at java.base/jdk.internal.reflect.NativeConstructorAccessorImpl.newInstance0(Native Method)
	at java.base/jdk.internal.reflect.NativeConstructorAccessorImpl.newInstance(NativeConstructorAccessorImpl.java:77)
	at java.base/jdk.internal.reflect.DelegatingConstructorAccessorImpl.newInstance(DelegatingConstructorAccessorImpl.java:45)
	at java.base/java.lang.reflect.Constructor.newInstanceWithCaller(Constructor.java:499)
	at com.material.system.SysUserIntegrationTest.admin_canLogin_and_getToken(SysUserIntegrationTest.java:98)
	at java.base/java.lang.reflect.Method.invoke(Method.java:568)
	at java.base/java.util.ArrayList.forEach(ArrayList.java:1511)
	at java.base/java.util.ArrayList.forEach(ArrayList.java:1511)
]]></failure>
    <system-out><![CDATA[12:41:42.775 [main] INFO org.springframework.test.context.support.AnnotationConfigContextLoaderUtils -- Could not detect default configuration classes for test class [com.material.system.SysUserIntegrationTest]: SysUserIntegrationTest does not declare any static, non-private, non-final, nested classes annotated with @Configuration.
12:41:42.856 [main] INFO org.springframework.boot.test.context.SpringBootTestContextBootstrapper -- Found @SpringBootConfiguration com.material.system.MaterialSystemApplication for test class com.material.system.SysUserIntegrationTest

  .   ____          _            __ _ _
 /\\ / ___'_ __ _ _(_)_ __  __ _ \ \ \ \
( ( )\___ | '_ | '_| | '_ \/ _` | \ \ \ \
 \\/  ___)| |_)| | | | | || (_| |  ) ) ) )
  '  |____| .__|_| |_|_| |_\__, | / / / /
 =========|_|==============|___/=/_/_/_/
 :: Spring Boot ::                (v3.2.2)

2026-01-05 12:41:43.218 [main] INFO  com.material.system.SysUserIntegrationTest - Starting SysUserIntegrationTest using Java 17.0.12 with PID 6916 (started by T in D:\developer_project\cangku\backend)
2026-01-05 12:41:43.218 [main] DEBUG com.material.system.SysUserIntegrationTest - Running with Spring Boot v3.2.2, Spring v6.1.3
2026-01-05 12:41:43.218 [main] INFO  com.material.system.SysUserIntegrationTest - No active profile set, falling back to 1 default profile: "default"
2026-01-05 12:41:44.330 [main] INFO  o.s.d.r.config.RepositoryConfigurationDelegate - Multiple Spring Data modules found, entering strict repository configuration mode
2026-01-05 12:41:44.330 [main] INFO  o.s.d.r.config.RepositoryConfigurationDelegate - Bootstrapping Spring Data JPA repositories in DEFAULT mode.
2026-01-05 12:41:44.356 [main] INFO  o.s.d.r.config.RepositoryConfigurationDelegate - Finished Spring Data repository scanning in 15 ms. Found 0 JPA repository interfaces.
2026-01-05 12:41:44.372 [main] INFO  o.s.d.r.config.RepositoryConfigurationDelegate - Multiple Spring Data modules found, entering strict repository configuration mode
2026-01-05 12:41:44.372 [main] INFO  o.s.d.r.config.RepositoryConfigurationDelegate - Bootstrapping Spring Data Redis repositories in DEFAULT mode.
2026-01-05 12:41:44.391 [main] INFO  o.s.d.r.config.RepositoryConfigurationDelegate - Finished Spring Data repository scanning in 3 ms. Found 0 Redis repository interfaces.
2026-01-05 12:41:45.556 [main] INFO  o.s.boot.web.embedded.tomcat.TomcatWebServer - Tomcat initialized with port 0 (http)
2026-01-05 12:41:45.575 [main] INFO  org.apache.catalina.core.StandardService - Starting service [Tomcat]
2026-01-05 12:41:45.575 [main] INFO  org.apache.catalina.core.StandardEngine - Starting Servlet engine: [Apache Tomcat/10.1.18]
2026-01-05 12:41:45.664 [main] INFO  o.a.c.c.ContainerBase.[Tomcat].[localhost].[/api] - Initializing Spring embedded WebApplicationContext
2026-01-05 12:41:45.664 [main] INFO  o.s.b.w.s.c.ServletWebServerApplicationContext - Root WebApplicationContext: initialization completed in 2428 ms
2026-01-05 12:41:46.010 [main] DEBUG c.material.system.config.JwtAuthenticationFilter - Filter 'jwtAuthenticationFilter' configured for use
2026-01-05 12:41:46.225 [main] INFO  org.hibernate.jpa.internal.util.LogHelper - HHH000204: Processing PersistenceUnitInfo [name: default]
2026-01-05 12:41:46.376 [main] INFO  org.hibernate.Version - HHH000412: Hibernate ORM core version 6.4.1.Final
2026-01-05 12:41:46.442 [main] INFO  o.hibernate.cache.internal.RegionFactoryInitiator - HHH000026: Second-level cache disabled
2026-01-05 12:41:46.839 [main] INFO  o.s.o.j.persistenceunit.SpringPersistenceUnitInfo - No LoadTimeWeaver setup: ignoring JPA class transformer
2026-01-05 12:41:46.855 [main] INFO  com.zaxxer.hikari.HikariDataSource - MaterialHikariCP - Starting...
2026-01-05 12:41:46.990 [main] INFO  com.zaxxer.hikari.pool.HikariPool - MaterialHikariCP - Added connection com.mysql.cj.jdbc.ConnectionImpl@27ac3b6d
2026-01-05 12:41:46.991 [main] INFO  com.zaxxer.hikari.HikariDataSource - MaterialHikariCP - Start completed.
2026-01-05 12:41:47.015 [main] WARN  org.hibernate.orm.deprecation - HHH90000025: MySQLDialect does not need to be specified explicitly using 'hibernate.dialect' (remove the property setting and it will be selected by default)
2026-01-05 12:41:47.217 [main] INFO  o.h.e.t.jta.platform.internal.JtaPlatformInitiator - HHH000489: No JTA platform available (set 'hibernate.transaction.jta.platform' to enable JTA platform integration)
2026-01-05 12:41:47.222 [main] INFO  o.s.orm.jpa.LocalContainerEntityManagerFactoryBean - Initialized JPA EntityManagerFactory for persistence unit 'default'
Logging initialized using 'class org.apache.ibatis.logging.stdout.StdOutImpl' adapter.
Initialization Sequence datacenterId:24 workerId:10
 _ _   |_  _ _|_. ___ _ |    _ 
| | |\/|_)(_| | |_\  |_)||_|_\ 
     /               |         
                        3.5.5 
2026-01-05 12:41:49.231 [main] INFO  o.s.b.actuate.endpoint.web.EndpointLinksResolver - Exposing 3 endpoint(s) beneath base path '/actuator'
2026-01-05 12:41:49.346 [main] WARN  o.s.b.a.o.j.JpaBaseConfiguration$JpaWebConfiguration - spring.jpa.open-in-view is enabled by default. Therefore, database queries may be performed during view rendering. Explicitly configure spring.jpa.open-in-view to disable this warning
SecurityConfig: Configuring security filter chain
SecurityConfig: Configuring authorization rules
SecurityConfig: Authorization rules configured
SecurityConfig: Security filter chain configured successfully
2026-01-05 12:41:50.166 [main] INFO  o.s.security.web.DefaultSecurityFilterChain - Will secure any request with [org.springframework.security.web.session.DisableEncodeUrlFilter@6903bec9, org.springframework.security.web.context.request.async.WebAsyncManagerIntegrationFilter@2f6fcc70, org.springframework.security.web.context.SecurityContextHolderFilter@5aa7bb86, org.springframework.security.web.header.HeaderWriterFilter@72f86029, org.springframework.web.filter.CorsFilter@60666985, org.springframework.security.web.authentication.logout.LogoutFilter@4bcfa08b, org.springframework.security.web.savedrequest.RequestCacheAwareFilter@28cc690d, org.springframework.security.web.servletapi.SecurityContextHolderAwareRequestFilter@518d4537, com.material.system.config.JwtAuthenticationFilter@4d525897, org.springframework.security.web.authentication.AnonymousAuthenticationFilter@5effc15d, org.springframework.security.web.access.ExceptionTranslationFilter@7d2d7a85, org.springframework.security.web.access.intercept.AuthorizationFilter@77393f2e]
2026-01-05 12:41:50.174 [main] WARN  o.s.s.config.annotation.web.builders.WebSecurity - You are asking Spring Security to ignore Mvc [pattern='/api/user/login']. This is not recommended -- please use permitAll via HttpSecurity#authorizeHttpRequests instead.
2026-01-05 12:41:50.181 [main] INFO  o.s.security.web.DefaultSecurityFilterChain - Will not secure Mvc [pattern='/api/user/login']
2026-01-05 12:41:51.244 [main] INFO  o.s.boot.web.embedded.tomcat.TomcatWebServer - Tomcat started on port 50883 (http) with context path '/api'
2026-01-05 12:41:51.260 [main] INFO  com.material.system.SysUserIntegrationTest - Started SysUserIntegrationTest in 8.282 seconds (process running for 8.985)
DatabaseInitializer.run() called
Skipping database initialization for Docker MySQL environment - schema already loaded by container
Creating a new SqlSession
SqlSession [org.apache.ibatis.session.defaults.DefaultSqlSession@5ea036c3] was not registered for synchronization because synchronization is not active
JDBC Connection [HikariProxyConnection@1164504888 wrapping com.mysql.cj.jdbc.ConnectionImpl@27ac3b6d] will not be managed by Spring
==>  Preparing: SELECT id,username,password,real_name,employee_no,phone,email,department_id,role_id,avatar,status,create_time,update_time,last_login_time,login_count FROM sys_user WHERE (username = ?)
==> Parameters: admin(String)
<==    Columns: id, username, password, real_name, employee_no, phone, email, department_id, role_id, avatar, status, create_time, update_time, last_login_time, login_count
<==        Row: 4, admin, $2a$10$w9fjagN.lREnI9nmJ90S7.N7v61G2qAxzzzv/6bBbBk4myDHc0iKS, 系统管理员, null, 13800138000, admin@example.com, null, null, null, 1, 2026-01-05 12:33:34, null, null, 0
<==      Total: 1
Closing non transactional SqlSession [org.apache.ibatis.session.defaults.DefaultSqlSession@5ea036c3]
Creating a new SqlSession
SqlSession [org.apache.ibatis.session.defaults.DefaultSqlSession@79b01476] was not registered for synchronization because synchronization is not active
JDBC Connection [HikariProxyConnection@588497553 wrapping com.mysql.cj.jdbc.ConnectionImpl@27ac3b6d] will not be managed by Spring
==>  Preparing: UPDATE sys_user SET username=?, password=?, real_name=?, phone=?, email=?, status=?, create_time=?, update_time=?, login_count=? WHERE id=?
==> Parameters: admin(String), $2a$10$PUteFbqApVZn8Ooqnzxbw.4ekFMAf6uVfh5zWawg3b/3LjBdUVioa(String), 系统管理员(String), 13800138000(String), admin@example.com(String), 1(Integer), 2026-01-05T12:33:34(LocalDateTime), null, 0(Integer), 4(Long)
<==    Updates: 1
Closing non transactional SqlSession [org.apache.ibatis.session.defaults.DefaultSqlSession@79b01476]
2026-01-05 12:41:52.849 [http-nio-auto-1-exec-2] INFO  o.a.c.c.ContainerBase.[Tomcat].[localhost].[/api] - Initializing Spring DispatcherServlet 'dispatcherServlet'
2026-01-05 12:41:52.849 [http-nio-auto-1-exec-2] INFO  org.springframework.web.servlet.DispatcherServlet - Initializing Servlet 'dispatcherServlet'
2026-01-05 12:41:52.849 [http-nio-auto-1-exec-2] INFO  org.springframework.web.servlet.DispatcherServlet - Completed initialization in 0 ms
JWT Filter: Processing login request: POST /api/user/login
JWT Filter: No auth header found, proceeding without authentication
JWT Filter: Continuing to next filter in chain
Login response status: 403 FORBIDDEN
Login response body: null
]]></system-out>
  </testcase>
</testsuite>